The system is: Darwin - 20.2.0 - x86_64
Compiling the C compiler identification source file "CMakeCCompilerId.c" succeeded.
Compiler: /Applications/Xcode.app/Contents/Developer/Toolchains/XcodeDefault.xctoolchain/usr/bin/cc 
Build flags: 
Id flags: -c 

The output was:
0


Compilation of the C compiler identification source "CMakeCCompilerId.c" produced "CMakeCCompilerId.o"

The C compiler identification is AppleClang, found in "/Users/pu/Downloads/libjpeg-turbo-2.0.3/build/CMakeFiles/3.17.3/CompilerIdC/CMakeCCompilerId.o"

Determining if the C compiler works passed with the following output:
Change Dir: /Users/pu/Downloads/libjpeg-turbo-2.0.3/build/CMakeFiles/CMakeTmp

Run Build Command(s):/usr/bin/make cmTC_6adf6/fast && /Applications/Xcode.app/Contents/Developer/usr/bin/make  -f CMakeFiles/cmTC_6adf6.dir/build.make CMakeFiles/cmTC_6adf6.dir/build
Building C object CMakeFiles/cmTC_6adf6.dir/testCCompiler.c.o
/Applications/Xcode.app/Contents/Developer/Toolchains/XcodeDefault.xctoolchain/usr/bin/cc   -isysroot /Applications/Xcode.app/Contents/Developer/Platforms/MacOSX.platform/Developer/SDKs/MacOSX11.1.sdk   -o CMakeFiles/cmTC_6adf6.dir/testCCompiler.c.o   -c /Users/pu/Downloads/libjpeg-turbo-2.0.3/build/CMakeFiles/CMakeTmp/testCCompiler.c
Linking C executable cmTC_6adf6
/usr/local/Cellar/cmake/3.17.3/bin/cmake -E cmake_link_script CMakeFiles/cmTC_6adf6.dir/link.txt --verbose=1
/Applications/Xcode.app/Contents/Developer/Toolchains/XcodeDefault.xctoolchain/usr/bin/cc   -isysroot /Applications/Xcode.app/Contents/Developer/Platforms/MacOSX.platform/Developer/SDKs/MacOSX11.1.sdk -Wl,-search_paths_first -Wl,-headerpad_max_install_names   CMakeFiles/cmTC_6adf6.dir/testCCompiler.c.o  -o cmTC_6adf6 



Detecting C compiler ABI info compiled with the following output:
Change Dir: /Users/pu/Downloads/libjpeg-turbo-2.0.3/build/CMakeFiles/CMakeTmp

Run Build Command(s):/usr/bin/make cmTC_e0d75/fast && /Applications/Xcode.app/Contents/Developer/usr/bin/make  -f CMakeFiles/cmTC_e0d75.dir/build.make CMakeFiles/cmTC_e0d75.dir/build
Building C object CMakeFiles/cmTC_e0d75.dir/CMakeCCompilerABI.c.o
/Applications/Xcode.app/Contents/Developer/Toolchains/XcodeDefault.xctoolchain/usr/bin/cc   -isysroot /Applications/Xcode.app/Contents/Developer/Platforms/MacOSX.platform/Developer/SDKs/MacOSX11.1.sdk   -v -Wl,-v -o CMakeFiles/cmTC_e0d75.dir/CMakeCCompilerABI.c.o   -c /usr/local/Cellar/cmake/3.17.3/share/cmake/Modules/CMakeCCompilerABI.c
Apple clang version 12.0.0 (clang-1200.0.32.28)
Target: x86_64-apple-darwin20.2.0
Thread model: posix
InstalledDir: /Applications/Xcode.app/Contents/Developer/Toolchains/XcodeDefault.xctoolchain/usr/bin
clang: warning: -Wl,-v: 'linker' input unused [-Wunused-command-line-argument]
 "/Applications/Xcode.app/Contents/Developer/Toolchains/XcodeDefault.xctoolchain/usr/bin/clang" -cc1 -triple x86_64-apple-macosx11.0.0 -Wdeprecated-objc-isa-usage -Werror=deprecated-objc-isa-usage -Werror=implicit-function-declaration -emit-obj -mrelax-all -disable-free -disable-llvm-verifier -discard-value-names -main-file-name CMakeCCompilerABI.c -mrelocation-model pic -pic-level 2 -mthread-model posix -mframe-pointer=all -fno-strict-return -masm-verbose -munwind-tables -target-sdk-version=11.1 -target-cpu penryn -dwarf-column-info -debugger-tuning=lldb -target-linker-version 609.8 -v -resource-dir /Applications/Xcode.app/Contents/Developer/Toolchains/XcodeDefault.xctoolchain/usr/lib/clang/12.0.0 -isysroot /Applications/Xcode.app/Contents/Developer/Platforms/MacOSX.platform/Developer/SDKs/MacOSX11.1.sdk -internal-isystem /Applications/Xcode.app/Contents/Developer/Platforms/MacOSX.platform/Developer/SDKs/MacOSX11.1.sdk/usr/local/include -internal-isystem /Applications/Xcode.app/Contents/Developer/Toolchains/XcodeDefault.xctoolchain/usr/lib/clang/12.0.0/include -internal-externc-isystem /Applications/Xcode.app/Contents/Developer/Platforms/MacOSX.platform/Developer/SDKs/MacOSX11.1.sdk/usr/include -internal-externc-isystem /Applications/Xcode.app/Contents/Developer/Toolchains/XcodeDefault.xctoolchain/usr/include -Wno-reorder-init-list -Wno-implicit-int-float-conversion -Wno-c99-designator -Wno-final-dtor-non-final-class -Wno-extra-semi-stmt -Wno-misleading-indentation -Wno-quoted-include-in-framework-header -Wno-implicit-fallthrough -Wno-enum-enum-conversion -Wno-enum-float-conversion -fdebug-compilation-dir /Users/pu/Downloads/libjpeg-turbo-2.0.3/build/CMakeFiles/CMakeTmp -ferror-limit 19 -fmessage-length 0 -stack-protector 1 -fstack-check -mdarwin-stkchk-strong-link -fblocks -fencode-extended-block-signature -fregister-global-dtors-with-atexit -fgnuc-version=4.2.1 -fobjc-runtime=macosx-11.0.0 -fmax-type-align=16 -fdiagnostics-show-option -o CMakeFiles/cmTC_e0d75.dir/CMakeCCompilerABI.c.o -x c /usr/local/Cellar/cmake/3.17.3/share/cmake/Modules/CMakeCCompilerABI.c
clang -cc1 version 12.0.0 (clang-1200.0.32.28) default target x86_64-apple-darwin20.2.0
ignoring nonexistent directory "/Applications/Xcode.app/Contents/Developer/Platforms/MacOSX.platform/Developer/SDKs/MacOSX11.1.sdk/usr/local/include"
ignoring nonexistent directory "/Applications/Xcode.app/Contents/Developer/Platforms/MacOSX.platform/Developer/SDKs/MacOSX11.1.sdk/Library/Frameworks"
#include "..." search starts here:
#include <...> search starts here:
 /Applications/Xcode.app/Contents/Developer/Toolchains/XcodeDefault.xctoolchain/usr/lib/clang/12.0.0/include
 /Applications/Xcode.app/Contents/Developer/Platforms/MacOSX.platform/Developer/SDKs/MacOSX11.1.sdk/usr/include
 /Applications/Xcode.app/Contents/Developer/Toolchains/XcodeDefault.xctoolchain/usr/include
 /Applications/Xcode.app/Contents/Developer/Platforms/MacOSX.platform/Developer/SDKs/MacOSX11.1.sdk/System/Library/Frameworks (framework directory)
End of search list.
Linking C executable cmTC_e0d75
/usr/local/Cellar/cmake/3.17.3/bin/cmake -E cmake_link_script CMakeFiles/cmTC_e0d75.dir/link.txt --verbose=1
/Applications/Xcode.app/Contents/Developer/Toolchains/XcodeDefault.xctoolchain/usr/bin/cc   -isysroot /Applications/Xcode.app/Contents/Developer/Platforms/MacOSX.platform/Developer/SDKs/MacOSX11.1.sdk -Wl,-search_paths_first -Wl,-headerpad_max_install_names  -v -Wl,-v CMakeFiles/cmTC_e0d75.dir/CMakeCCompilerABI.c.o  -o cmTC_e0d75 
Apple clang version 12.0.0 (clang-1200.0.32.28)
Target: x86_64-apple-darwin20.2.0
Thread model: posix
InstalledDir: /Applications/Xcode.app/Contents/Developer/Toolchains/XcodeDefault.xctoolchain/usr/bin
 "/Applications/Xcode.app/Contents/Developer/Toolchains/XcodeDefault.xctoolchain/usr/bin/ld" -demangle -lto_library /Applications/Xcode.app/Contents/Developer/Toolchains/XcodeDefault.xctoolchain/usr/lib/libLTO.dylib -dynamic -arch x86_64 -platform_version macos 11.0.0 11.1 -syslibroot /Applications/Xcode.app/Contents/Developer/Platforms/MacOSX.platform/Developer/SDKs/MacOSX11.1.sdk -o cmTC_e0d75 -search_paths_first -headerpad_max_install_names -v CMakeFiles/cmTC_e0d75.dir/CMakeCCompilerABI.c.o -lSystem /Applications/Xcode.app/Contents/Developer/Toolchains/XcodeDefault.xctoolchain/usr/lib/clang/12.0.0/lib/darwin/libclang_rt.osx.a
@(#)PROGRAM:ld  PROJECT:ld64-609.8
BUILD 20:09:52 Nov  4 2020
configured to support archs: armv6 armv7 armv7s arm64 arm64e arm64_32 i386 x86_64 x86_64h armv6m armv7k armv7m armv7em
Library search paths:
	/Applications/Xcode.app/Contents/Developer/Platforms/MacOSX.platform/Developer/SDKs/MacOSX11.1.sdk/usr/lib
Framework search paths:
	/Applications/Xcode.app/Contents/Developer/Platforms/MacOSX.platform/Developer/SDKs/MacOSX11.1.sdk/System/Library/Frameworks/



Parsed C implicit include dir info from above output: rv=done
  found start of include info
  found start of implicit include info
    add: [/Applications/Xcode.app/Contents/Developer/Toolchains/XcodeDefault.xctoolchain/usr/lib/clang/12.0.0/include]
    add: [/Applications/Xcode.app/Contents/Developer/Platforms/MacOSX.platform/Developer/SDKs/MacOSX11.1.sdk/usr/include]
    add: [/Applications/Xcode.app/Contents/Developer/Toolchains/XcodeDefault.xctoolchain/usr/include]
  end of search list found
  collapse include dir [/Applications/Xcode.app/Contents/Developer/Toolchains/XcodeDefault.xctoolchain/usr/lib/clang/12.0.0/include] ==> [/Applications/Xcode.app/Contents/Developer/Toolchains/XcodeDefault.xctoolchain/usr/lib/clang/12.0.0/include]
  collapse include dir [/Applications/Xcode.app/Contents/Developer/Platforms/MacOSX.platform/Developer/SDKs/MacOSX11.1.sdk/usr/include] ==> [/Applications/Xcode.app/Contents/Developer/Platforms/MacOSX.platform/Developer/SDKs/MacOSX11.1.sdk/usr/include]
  collapse include dir [/Applications/Xcode.app/Contents/Developer/Toolchains/XcodeDefault.xctoolchain/usr/include] ==> [/Applications/Xcode.app/Contents/Developer/Toolchains/XcodeDefault.xctoolchain/usr/include]
  implicit include dirs: [/Applications/Xcode.app/Contents/Developer/Toolchains/XcodeDefault.xctoolchain/usr/lib/clang/12.0.0/include;/Applications/Xcode.app/Contents/Developer/Platforms/MacOSX.platform/Developer/SDKs/MacOSX11.1.sdk/usr/include;/Applications/Xcode.app/Contents/Developer/Toolchains/XcodeDefault.xctoolchain/usr/include]


Parsed C implicit link information from above output:
  link line regex: [^( *|.*[/\])(ld|CMAKE_LINK_STARTFILE-NOTFOUND|([^/\]+-)?ld|collect2)[^/\]*( |$)]
  ignore line: [Change Dir: /Users/pu/Downloads/libjpeg-turbo-2.0.3/build/CMakeFiles/CMakeTmp]
  ignore line: []
  ignore line: [Run Build Command(s):/usr/bin/make cmTC_e0d75/fast && /Applications/Xcode.app/Contents/Developer/usr/bin/make  -f CMakeFiles/cmTC_e0d75.dir/build.make CMakeFiles/cmTC_e0d75.dir/build]
  ignore line: [Building C object CMakeFiles/cmTC_e0d75.dir/CMakeCCompilerABI.c.o]
  ignore line: [/Applications/Xcode.app/Contents/Developer/Toolchains/XcodeDefault.xctoolchain/usr/bin/cc   -isysroot /Applications/Xcode.app/Contents/Developer/Platforms/MacOSX.platform/Developer/SDKs/MacOSX11.1.sdk   -v -Wl -v -o CMakeFiles/cmTC_e0d75.dir/CMakeCCompilerABI.c.o   -c /usr/local/Cellar/cmake/3.17.3/share/cmake/Modules/CMakeCCompilerABI.c]
  ignore line: [Apple clang version 12.0.0 (clang-1200.0.32.28)]
  ignore line: [Target: x86_64-apple-darwin20.2.0]
  ignore line: [Thread model: posix]
  ignore line: [InstalledDir: /Applications/Xcode.app/Contents/Developer/Toolchains/XcodeDefault.xctoolchain/usr/bin]
  ignore line: [clang: warning: -Wl -v: 'linker' input unused [-Wunused-command-line-argument]]
  ignore line: [ "/Applications/Xcode.app/Contents/Developer/Toolchains/XcodeDefault.xctoolchain/usr/bin/clang" -cc1 -triple x86_64-apple-macosx11.0.0 -Wdeprecated-objc-isa-usage -Werror=deprecated-objc-isa-usage -Werror=implicit-function-declaration -emit-obj -mrelax-all -disable-free -disable-llvm-verifier -discard-value-names -main-file-name CMakeCCompilerABI.c -mrelocation-model pic -pic-level 2 -mthread-model posix -mframe-pointer=all -fno-strict-return -masm-verbose -munwind-tables -target-sdk-version=11.1 -target-cpu penryn -dwarf-column-info -debugger-tuning=lldb -target-linker-version 609.8 -v -resource-dir /Applications/Xcode.app/Contents/Developer/Toolchains/XcodeDefault.xctoolchain/usr/lib/clang/12.0.0 -isysroot /Applications/Xcode.app/Contents/Developer/Platforms/MacOSX.platform/Developer/SDKs/MacOSX11.1.sdk -internal-isystem /Applications/Xcode.app/Contents/Developer/Platforms/MacOSX.platform/Developer/SDKs/MacOSX11.1.sdk/usr/local/include -internal-isystem /Applications/Xcode.app/Contents/Developer/Toolchains/XcodeDefault.xctoolchain/usr/lib/clang/12.0.0/include -internal-externc-isystem /Applications/Xcode.app/Contents/Developer/Platforms/MacOSX.platform/Developer/SDKs/MacOSX11.1.sdk/usr/include -internal-externc-isystem /Applications/Xcode.app/Contents/Developer/Toolchains/XcodeDefault.xctoolchain/usr/include -Wno-reorder-init-list -Wno-implicit-int-float-conversion -Wno-c99-designator -Wno-final-dtor-non-final-class -Wno-extra-semi-stmt -Wno-misleading-indentation -Wno-quoted-include-in-framework-header -Wno-implicit-fallthrough -Wno-enum-enum-conversion -Wno-enum-float-conversion -fdebug-compilation-dir /Users/pu/Downloads/libjpeg-turbo-2.0.3/build/CMakeFiles/CMakeTmp -ferror-limit 19 -fmessage-length 0 -stack-protector 1 -fstack-check -mdarwin-stkchk-strong-link -fblocks -fencode-extended-block-signature -fregister-global-dtors-with-atexit -fgnuc-version=4.2.1 -fobjc-runtime=macosx-11.0.0 -fmax-type-align=16 -fdiagnostics-show-option -o CMakeFiles/cmTC_e0d75.dir/CMakeCCompilerABI.c.o -x c /usr/local/Cellar/cmake/3.17.3/share/cmake/Modules/CMakeCCompilerABI.c]
  ignore line: [clang -cc1 version 12.0.0 (clang-1200.0.32.28) default target x86_64-apple-darwin20.2.0]
  ignore line: [ignoring nonexistent directory "/Applications/Xcode.app/Contents/Developer/Platforms/MacOSX.platform/Developer/SDKs/MacOSX11.1.sdk/usr/local/include"]
  ignore line: [ignoring nonexistent directory "/Applications/Xcode.app/Contents/Developer/Platforms/MacOSX.platform/Developer/SDKs/MacOSX11.1.sdk/Library/Frameworks"]
  ignore line: [#include "..." search starts here:]
  ignore line: [#include <...> search starts here:]
  ignore line: [ /Applications/Xcode.app/Contents/Developer/Toolchains/XcodeDefault.xctoolchain/usr/lib/clang/12.0.0/include]
  ignore line: [ /Applications/Xcode.app/Contents/Developer/Platforms/MacOSX.platform/Developer/SDKs/MacOSX11.1.sdk/usr/include]
  ignore line: [ /Applications/Xcode.app/Contents/Developer/Toolchains/XcodeDefault.xctoolchain/usr/include]
  ignore line: [ /Applications/Xcode.app/Contents/Developer/Platforms/MacOSX.platform/Developer/SDKs/MacOSX11.1.sdk/System/Library/Frameworks (framework directory)]
  ignore line: [End of search list.]
  ignore line: [Linking C executable cmTC_e0d75]
  ignore line: [/usr/local/Cellar/cmake/3.17.3/bin/cmake -E cmake_link_script CMakeFiles/cmTC_e0d75.dir/link.txt --verbose=1]
  ignore line: [/Applications/Xcode.app/Contents/Developer/Toolchains/XcodeDefault.xctoolchain/usr/bin/cc   -isysroot /Applications/Xcode.app/Contents/Developer/Platforms/MacOSX.platform/Developer/SDKs/MacOSX11.1.sdk -Wl -search_paths_first -Wl -headerpad_max_install_names  -v -Wl -v CMakeFiles/cmTC_e0d75.dir/CMakeCCompilerABI.c.o  -o cmTC_e0d75 ]
  ignore line: [Apple clang version 12.0.0 (clang-1200.0.32.28)]
  ignore line: [Target: x86_64-apple-darwin20.2.0]
  ignore line: [Thread model: posix]
  ignore line: [InstalledDir: /Applications/Xcode.app/Contents/Developer/Toolchains/XcodeDefault.xctoolchain/usr/bin]
  link line: [ "/Applications/Xcode.app/Contents/Developer/Toolchains/XcodeDefault.xctoolchain/usr/bin/ld" -demangle -lto_library /Applications/Xcode.app/Contents/Developer/Toolchains/XcodeDefault.xctoolchain/usr/lib/libLTO.dylib -dynamic -arch x86_64 -platform_version macos 11.0.0 11.1 -syslibroot /Applications/Xcode.app/Contents/Developer/Platforms/MacOSX.platform/Developer/SDKs/MacOSX11.1.sdk -o cmTC_e0d75 -search_paths_first -headerpad_max_install_names -v CMakeFiles/cmTC_e0d75.dir/CMakeCCompilerABI.c.o -lSystem /Applications/Xcode.app/Contents/Developer/Toolchains/XcodeDefault.xctoolchain/usr/lib/clang/12.0.0/lib/darwin/libclang_rt.osx.a]
    arg [/Applications/Xcode.app/Contents/Developer/Toolchains/XcodeDefault.xctoolchain/usr/bin/ld] ==> ignore
    arg [-demangle] ==> ignore
    arg [-lto_library] ==> ignore, skip following value
    arg [/Applications/Xcode.app/Contents/Developer/Toolchains/XcodeDefault.xctoolchain/usr/lib/libLTO.dylib] ==> skip value of -lto_library
    arg [-dynamic] ==> ignore
    arg [-arch] ==> ignore
    arg [x86_64] ==> ignore
    arg [-platform_version] ==> ignore
    arg [macos] ==> ignore
    arg [11.0.0] ==> ignore
    arg [11.1] ==> ignore
    arg [-syslibroot] ==> ignore
    arg [/Applications/Xcode.app/Contents/Developer/Platforms/MacOSX.platform/Developer/SDKs/MacOSX11.1.sdk] ==> ignore
    arg [-o] ==> ignore
    arg [cmTC_e0d75] ==> ignore
    arg [-search_paths_first] ==> ignore
    arg [-headerpad_max_install_names] ==> ignore
    arg [-v] ==> ignore
    arg [CMakeFiles/cmTC_e0d75.dir/CMakeCCompilerABI.c.o] ==> ignore
    arg [-lSystem] ==> lib [System]
    arg [/Applications/Xcode.app/Contents/Developer/Toolchains/XcodeDefault.xctoolchain/usr/lib/clang/12.0.0/lib/darwin/libclang_rt.osx.a] ==> lib [/Applications/Xcode.app/Contents/Developer/Toolchains/XcodeDefault.xctoolchain/usr/lib/clang/12.0.0/lib/darwin/libclang_rt.osx.a]
  Library search paths: [;/Applications/Xcode.app/Contents/Developer/Platforms/MacOSX.platform/Developer/SDKs/MacOSX11.1.sdk/usr/lib]
  Framework search paths: [;/Applications/Xcode.app/Contents/Developer/Platforms/MacOSX.platform/Developer/SDKs/MacOSX11.1.sdk/System/Library/Frameworks/]
  remove lib [System]
  remove lib [/Applications/Xcode.app/Contents/Developer/Toolchains/XcodeDefault.xctoolchain/usr/lib/clang/12.0.0/lib/darwin/libclang_rt.osx.a]
  collapse library dir [/Applications/Xcode.app/Contents/Developer/Platforms/MacOSX.platform/Developer/SDKs/MacOSX11.1.sdk/usr/lib] ==> [/Applications/Xcode.app/Contents/Developer/Platforms/MacOSX.platform/Developer/SDKs/MacOSX11.1.sdk/usr/lib]
  collapse framework dir [/Applications/Xcode.app/Contents/Developer/Platforms/MacOSX.platform/Developer/SDKs/MacOSX11.1.sdk/System/Library/Frameworks/] ==> [/Applications/Xcode.app/Contents/Developer/Platforms/MacOSX.platform/Developer/SDKs/MacOSX11.1.sdk/System/Library/Frameworks]
  implicit libs: []
  implicit dirs: [/Applications/Xcode.app/Contents/Developer/Platforms/MacOSX.platform/Developer/SDKs/MacOSX11.1.sdk/usr/lib]
  implicit fwks: [/Applications/Xcode.app/Contents/Developer/Platforms/MacOSX.platform/Developer/SDKs/MacOSX11.1.sdk/System/Library/Frameworks]


Determining if the include file sys/types.h exists passed with the following output:
Change Dir: /Users/pu/Downloads/libjpeg-turbo-2.0.3/build/CMakeFiles/CMakeTmp

Run Build Command(s):/usr/bin/make cmTC_d8ccf/fast && /Applications/Xcode.app/Contents/Developer/usr/bin/make  -f CMakeFiles/cmTC_d8ccf.dir/build.make CMakeFiles/cmTC_d8ccf.dir/build
Building C object CMakeFiles/cmTC_d8ccf.dir/CheckIncludeFile.c.o
/Applications/Xcode.app/Contents/Developer/Toolchains/XcodeDefault.xctoolchain/usr/bin/cc   -isysroot /Applications/Xcode.app/Contents/Developer/Platforms/MacOSX.platform/Developer/SDKs/MacOSX11.1.sdk   -o CMakeFiles/cmTC_d8ccf.dir/CheckIncludeFile.c.o   -c /Users/pu/Downloads/libjpeg-turbo-2.0.3/build/CMakeFiles/CMakeTmp/CheckIncludeFile.c
Linking C executable cmTC_d8ccf
/usr/local/Cellar/cmake/3.17.3/bin/cmake -E cmake_link_script CMakeFiles/cmTC_d8ccf.dir/link.txt --verbose=1
/Applications/Xcode.app/Contents/Developer/Toolchains/XcodeDefault.xctoolchain/usr/bin/cc   -isysroot /Applications/Xcode.app/Contents/Developer/Platforms/MacOSX.platform/Developer/SDKs/MacOSX11.1.sdk -Wl,-search_paths_first -Wl,-headerpad_max_install_names   CMakeFiles/cmTC_d8ccf.dir/CheckIncludeFile.c.o  -o cmTC_d8ccf 



Determining if the include file stdint.h exists passed with the following output:
Change Dir: /Users/pu/Downloads/libjpeg-turbo-2.0.3/build/CMakeFiles/CMakeTmp

Run Build Command(s):/usr/bin/make cmTC_b5da2/fast && /Applications/Xcode.app/Contents/Developer/usr/bin/make  -f CMakeFiles/cmTC_b5da2.dir/build.make CMakeFiles/cmTC_b5da2.dir/build
Building C object CMakeFiles/cmTC_b5da2.dir/CheckIncludeFile.c.o
/Applications/Xcode.app/Contents/Developer/Toolchains/XcodeDefault.xctoolchain/usr/bin/cc   -isysroot /Applications/Xcode.app/Contents/Developer/Platforms/MacOSX.platform/Developer/SDKs/MacOSX11.1.sdk   -o CMakeFiles/cmTC_b5da2.dir/CheckIncludeFile.c.o   -c /Users/pu/Downloads/libjpeg-turbo-2.0.3/build/CMakeFiles/CMakeTmp/CheckIncludeFile.c
Linking C executable cmTC_b5da2
/usr/local/Cellar/cmake/3.17.3/bin/cmake -E cmake_link_script CMakeFiles/cmTC_b5da2.dir/link.txt --verbose=1
/Applications/Xcode.app/Contents/Developer/Toolchains/XcodeDefault.xctoolchain/usr/bin/cc   -isysroot /Applications/Xcode.app/Contents/Developer/Platforms/MacOSX.platform/Developer/SDKs/MacOSX11.1.sdk -Wl,-search_paths_first -Wl,-headerpad_max_install_names   CMakeFiles/cmTC_b5da2.dir/CheckIncludeFile.c.o  -o cmTC_b5da2 



Determining if the include file stddef.h exists passed with the following output:
Change Dir: /Users/pu/Downloads/libjpeg-turbo-2.0.3/build/CMakeFiles/CMakeTmp

Run Build Command(s):/usr/bin/make cmTC_26c01/fast && /Applications/Xcode.app/Contents/Developer/usr/bin/make  -f CMakeFiles/cmTC_26c01.dir/build.make CMakeFiles/cmTC_26c01.dir/build
Building C object CMakeFiles/cmTC_26c01.dir/CheckIncludeFile.c.o
/Applications/Xcode.app/Contents/Developer/Toolchains/XcodeDefault.xctoolchain/usr/bin/cc   -isysroot /Applications/Xcode.app/Contents/Developer/Platforms/MacOSX.platform/Developer/SDKs/MacOSX11.1.sdk   -o CMakeFiles/cmTC_26c01.dir/CheckIncludeFile.c.o   -c /Users/pu/Downloads/libjpeg-turbo-2.0.3/build/CMakeFiles/CMakeTmp/CheckIncludeFile.c
Linking C executable cmTC_26c01
/usr/local/Cellar/cmake/3.17.3/bin/cmake -E cmake_link_script CMakeFiles/cmTC_26c01.dir/link.txt --verbose=1
/Applications/Xcode.app/Contents/Developer/Toolchains/XcodeDefault.xctoolchain/usr/bin/cc   -isysroot /Applications/Xcode.app/Contents/Developer/Platforms/MacOSX.platform/Developer/SDKs/MacOSX11.1.sdk -Wl,-search_paths_first -Wl,-headerpad_max_install_names   CMakeFiles/cmTC_26c01.dir/CheckIncludeFile.c.o  -o cmTC_26c01 



Determining size of size_t passed with the following output:
Change Dir: /Users/pu/Downloads/libjpeg-turbo-2.0.3/build/CMakeFiles/CMakeTmp

Run Build Command(s):/usr/bin/make cmTC_3b882/fast && /Applications/Xcode.app/Contents/Developer/usr/bin/make  -f CMakeFiles/cmTC_3b882.dir/build.make CMakeFiles/cmTC_3b882.dir/build
Building C object CMakeFiles/cmTC_3b882.dir/SIZE_T.c.o
/Applications/Xcode.app/Contents/Developer/Toolchains/XcodeDefault.xctoolchain/usr/bin/cc   -isysroot /Applications/Xcode.app/Contents/Developer/Platforms/MacOSX.platform/Developer/SDKs/MacOSX11.1.sdk   -o CMakeFiles/cmTC_3b882.dir/SIZE_T.c.o   -c /Users/pu/Downloads/libjpeg-turbo-2.0.3/build/CMakeFiles/CheckTypeSize/SIZE_T.c
Linking C executable cmTC_3b882
/usr/local/Cellar/cmake/3.17.3/bin/cmake -E cmake_link_script CMakeFiles/cmTC_3b882.dir/link.txt --verbose=1
/Applications/Xcode.app/Contents/Developer/Toolchains/XcodeDefault.xctoolchain/usr/bin/cc   -isysroot /Applications/Xcode.app/Contents/Developer/Platforms/MacOSX.platform/Developer/SDKs/MacOSX11.1.sdk -Wl,-search_paths_first -Wl,-headerpad_max_install_names   CMakeFiles/cmTC_3b882.dir/SIZE_T.c.o  -o cmTC_3b882 



Determining size of unsigned long passed with the following output:
Change Dir: /Users/pu/Downloads/libjpeg-turbo-2.0.3/build/CMakeFiles/CMakeTmp

Run Build Command(s):/usr/bin/make cmTC_67110/fast && /Applications/Xcode.app/Contents/Developer/usr/bin/make  -f CMakeFiles/cmTC_67110.dir/build.make CMakeFiles/cmTC_67110.dir/build
Building C object CMakeFiles/cmTC_67110.dir/UNSIGNED_LONG.c.o
/Applications/Xcode.app/Contents/Developer/Toolchains/XcodeDefault.xctoolchain/usr/bin/cc   -isysroot /Applications/Xcode.app/Contents/Developer/Platforms/MacOSX.platform/Developer/SDKs/MacOSX11.1.sdk   -o CMakeFiles/cmTC_67110.dir/UNSIGNED_LONG.c.o   -c /Users/pu/Downloads/libjpeg-turbo-2.0.3/build/CMakeFiles/CheckTypeSize/UNSIGNED_LONG.c
Linking C executable cmTC_67110
/usr/local/Cellar/cmake/3.17.3/bin/cmake -E cmake_link_script CMakeFiles/cmTC_67110.dir/link.txt --verbose=1
/Applications/Xcode.app/Contents/Developer/Toolchains/XcodeDefault.xctoolchain/usr/bin/cc   -isysroot /Applications/Xcode.app/Contents/Developer/Platforms/MacOSX.platform/Developer/SDKs/MacOSX11.1.sdk -Wl,-search_paths_first -Wl,-headerpad_max_install_names   CMakeFiles/cmTC_67110.dir/UNSIGNED_LONG.c.o  -o cmTC_67110 



Performing C SOURCE FILE Test HAVE_BUILTIN_CTZL succeeded with the following output:
Change Dir: /Users/pu/Downloads/libjpeg-turbo-2.0.3/build/CMakeFiles/CMakeTmp

Run Build Command(s):/usr/bin/make cmTC_d8f63/fast && /Applications/Xcode.app/Contents/Developer/usr/bin/make  -f CMakeFiles/cmTC_d8f63.dir/build.make CMakeFiles/cmTC_d8f63.dir/build
Building C object CMakeFiles/cmTC_d8f63.dir/src.c.o
/Applications/Xcode.app/Contents/Developer/Toolchains/XcodeDefault.xctoolchain/usr/bin/cc   -DHAVE_BUILTIN_CTZL -isysroot /Applications/Xcode.app/Contents/Developer/Platforms/MacOSX.platform/Developer/SDKs/MacOSX11.1.sdk   -o CMakeFiles/cmTC_d8f63.dir/src.c.o   -c /Users/pu/Downloads/libjpeg-turbo-2.0.3/build/CMakeFiles/CMakeTmp/src.c
Linking C executable cmTC_d8f63
/usr/local/Cellar/cmake/3.17.3/bin/cmake -E cmake_link_script CMakeFiles/cmTC_d8f63.dir/link.txt --verbose=1
/Applications/Xcode.app/Contents/Developer/Toolchains/XcodeDefault.xctoolchain/usr/bin/cc  -DHAVE_BUILTIN_CTZL -isysroot /Applications/Xcode.app/Contents/Developer/Platforms/MacOSX.platform/Developer/SDKs/MacOSX11.1.sdk -Wl,-search_paths_first -Wl,-headerpad_max_install_names   CMakeFiles/cmTC_d8f63.dir/src.c.o  -o cmTC_d8f63 


Source file was:
int main(int argc, char **argv) { unsigned long a = argc;  return __builtin_ctzl(a); }
Determining if files locale.h exist passed with the following output:
Change Dir: /Users/pu/Downloads/libjpeg-turbo-2.0.3/build/CMakeFiles/CMakeTmp

Run Build Command(s):/usr/bin/make cmTC_c84ad/fast && /Applications/Xcode.app/Contents/Developer/usr/bin/make  -f CMakeFiles/cmTC_c84ad.dir/build.make CMakeFiles/cmTC_c84ad.dir/build
Building C object CMakeFiles/cmTC_c84ad.dir/HAVE_LOCALE_H.c.o
/Applications/Xcode.app/Contents/Developer/Toolchains/XcodeDefault.xctoolchain/usr/bin/cc   -isysroot /Applications/Xcode.app/Contents/Developer/Platforms/MacOSX.platform/Developer/SDKs/MacOSX11.1.sdk   -o CMakeFiles/cmTC_c84ad.dir/HAVE_LOCALE_H.c.o   -c /Users/pu/Downloads/libjpeg-turbo-2.0.3/build/CMakeFiles/CheckIncludeFiles/HAVE_LOCALE_H.c
Linking C executable cmTC_c84ad
/usr/local/Cellar/cmake/3.17.3/bin/cmake -E cmake_link_script CMakeFiles/cmTC_c84ad.dir/link.txt --verbose=1
/Applications/Xcode.app/Contents/Developer/Toolchains/XcodeDefault.xctoolchain/usr/bin/cc   -isysroot /Applications/Xcode.app/Contents/Developer/Platforms/MacOSX.platform/Developer/SDKs/MacOSX11.1.sdk -Wl,-search_paths_first -Wl,-headerpad_max_install_names   CMakeFiles/cmTC_c84ad.dir/HAVE_LOCALE_H.c.o  -o cmTC_c84ad 



Determining if files stdlib.h exist passed with the following output:
Change Dir: /Users/pu/Downloads/libjpeg-turbo-2.0.3/build/CMakeFiles/CMakeTmp

Run Build Command(s):/usr/bin/make cmTC_8e2fe/fast && /Applications/Xcode.app/Contents/Developer/usr/bin/make  -f CMakeFiles/cmTC_8e2fe.dir/build.make CMakeFiles/cmTC_8e2fe.dir/build
Building C object CMakeFiles/cmTC_8e2fe.dir/HAVE_STDLIB_H.c.o
/Applications/Xcode.app/Contents/Developer/Toolchains/XcodeDefault.xctoolchain/usr/bin/cc   -isysroot /Applications/Xcode.app/Contents/Developer/Platforms/MacOSX.platform/Developer/SDKs/MacOSX11.1.sdk   -o CMakeFiles/cmTC_8e2fe.dir/HAVE_STDLIB_H.c.o   -c /Users/pu/Downloads/libjpeg-turbo-2.0.3/build/CMakeFiles/CheckIncludeFiles/HAVE_STDLIB_H.c
Linking C executable cmTC_8e2fe
/usr/local/Cellar/cmake/3.17.3/bin/cmake -E cmake_link_script CMakeFiles/cmTC_8e2fe.dir/link.txt --verbose=1
/Applications/Xcode.app/Contents/Developer/Toolchains/XcodeDefault.xctoolchain/usr/bin/cc   -isysroot /Applications/Xcode.app/Contents/Developer/Platforms/MacOSX.platform/Developer/SDKs/MacOSX11.1.sdk -Wl,-search_paths_first -Wl,-headerpad_max_install_names   CMakeFiles/cmTC_8e2fe.dir/HAVE_STDLIB_H.c.o  -o cmTC_8e2fe 



Determining if files sys/types.h exist passed with the following output:
Change Dir: /Users/pu/Downloads/libjpeg-turbo-2.0.3/build/CMakeFiles/CMakeTmp

Run Build Command(s):/usr/bin/make cmTC_e05fd/fast && /Applications/Xcode.app/Contents/Developer/usr/bin/make  -f CMakeFiles/cmTC_e05fd.dir/build.make CMakeFiles/cmTC_e05fd.dir/build
Building C object CMakeFiles/cmTC_e05fd.dir/NEED_SYS_TYPES_H.c.o
/Applications/Xcode.app/Contents/Developer/Toolchains/XcodeDefault.xctoolchain/usr/bin/cc   -isysroot /Applications/Xcode.app/Contents/Developer/Platforms/MacOSX.platform/Developer/SDKs/MacOSX11.1.sdk   -o CMakeFiles/cmTC_e05fd.dir/NEED_SYS_TYPES_H.c.o   -c /Users/pu/Downloads/libjpeg-turbo-2.0.3/build/CMakeFiles/CheckIncludeFiles/NEED_SYS_TYPES_H.c
Linking C executable cmTC_e05fd
/usr/local/Cellar/cmake/3.17.3/bin/cmake -E cmake_link_script CMakeFiles/cmTC_e05fd.dir/link.txt --verbose=1
/Applications/Xcode.app/Contents/Developer/Toolchains/XcodeDefault.xctoolchain/usr/bin/cc   -isysroot /Applications/Xcode.app/Contents/Developer/Platforms/MacOSX.platform/Developer/SDKs/MacOSX11.1.sdk -Wl,-search_paths_first -Wl,-headerpad_max_install_names   CMakeFiles/cmTC_e05fd.dir/NEED_SYS_TYPES_H.c.o  -o cmTC_e05fd 



Determining if the memset exist passed with the following output:
Change Dir: /Users/pu/Downloads/libjpeg-turbo-2.0.3/build/CMakeFiles/CMakeTmp

Run Build Command(s):/usr/bin/make cmTC_d881a/fast && /Applications/Xcode.app/Contents/Developer/usr/bin/make  -f CMakeFiles/cmTC_d881a.dir/build.make CMakeFiles/cmTC_d881a.dir/build
Building C object CMakeFiles/cmTC_d881a.dir/CheckSymbolExists.c.o
/Applications/Xcode.app/Contents/Developer/Toolchains/XcodeDefault.xctoolchain/usr/bin/cc   -isysroot /Applications/Xcode.app/Contents/Developer/Platforms/MacOSX.platform/Developer/SDKs/MacOSX11.1.sdk   -o CMakeFiles/cmTC_d881a.dir/CheckSymbolExists.c.o   -c /Users/pu/Downloads/libjpeg-turbo-2.0.3/build/CMakeFiles/CMakeTmp/CheckSymbolExists.c
Linking C executable cmTC_d881a
/usr/local/Cellar/cmake/3.17.3/bin/cmake -E cmake_link_script CMakeFiles/cmTC_d881a.dir/link.txt --verbose=1
/Applications/Xcode.app/Contents/Developer/Toolchains/XcodeDefault.xctoolchain/usr/bin/cc   -isysroot /Applications/Xcode.app/Contents/Developer/Platforms/MacOSX.platform/Developer/SDKs/MacOSX11.1.sdk -Wl,-search_paths_first -Wl,-headerpad_max_install_names   CMakeFiles/cmTC_d881a.dir/CheckSymbolExists.c.o  -o cmTC_d881a 


File /Users/pu/Downloads/libjpeg-turbo-2.0.3/build/CMakeFiles/CMakeTmp/CheckSymbolExists.c:
/* */
#include <string.h>

int main(int argc, char** argv)
{
  (void)argv;
#ifndef memset
  return ((int*)(&memset))[argc];
#else
  (void)argc;
  return 0;
#endif
}
Determining if the memcpy exist passed with the following output:
Change Dir: /Users/pu/Downloads/libjpeg-turbo-2.0.3/build/CMakeFiles/CMakeTmp

Run Build Command(s):/usr/bin/make cmTC_7c1eb/fast && /Applications/Xcode.app/Contents/Developer/usr/bin/make  -f CMakeFiles/cmTC_7c1eb.dir/build.make CMakeFiles/cmTC_7c1eb.dir/build
Building C object CMakeFiles/cmTC_7c1eb.dir/CheckSymbolExists.c.o
/Applications/Xcode.app/Contents/Developer/Toolchains/XcodeDefault.xctoolchain/usr/bin/cc   -isysroot /Applications/Xcode.app/Contents/Developer/Platforms/MacOSX.platform/Developer/SDKs/MacOSX11.1.sdk   -o CMakeFiles/cmTC_7c1eb.dir/CheckSymbolExists.c.o   -c /Users/pu/Downloads/libjpeg-turbo-2.0.3/build/CMakeFiles/CMakeTmp/CheckSymbolExists.c
Linking C executable cmTC_7c1eb
/usr/local/Cellar/cmake/3.17.3/bin/cmake -E cmake_link_script CMakeFiles/cmTC_7c1eb.dir/link.txt --verbose=1
/Applications/Xcode.app/Contents/Developer/Toolchains/XcodeDefault.xctoolchain/usr/bin/cc   -isysroot /Applications/Xcode.app/Contents/Developer/Platforms/MacOSX.platform/Developer/SDKs/MacOSX11.1.sdk -Wl,-search_paths_first -Wl,-headerpad_max_install_names   CMakeFiles/cmTC_7c1eb.dir/CheckSymbolExists.c.o  -o cmTC_7c1eb 


File /Users/pu/Downloads/libjpeg-turbo-2.0.3/build/CMakeFiles/CMakeTmp/CheckSymbolExists.c:
/* */
#include <string.h>

int main(int argc, char** argv)
{
  (void)argv;
#ifndef memcpy
  return ((int*)(&memcpy))[argc];
#else
  (void)argc;
  return 0;
#endif
}
Determining size of unsigned char passed with the following output:
Change Dir: /Users/pu/Downloads/libjpeg-turbo-2.0.3/build/CMakeFiles/CMakeTmp

Run Build Command(s):/usr/bin/make cmTC_8f768/fast && /Applications/Xcode.app/Contents/Developer/usr/bin/make  -f CMakeFiles/cmTC_8f768.dir/build.make CMakeFiles/cmTC_8f768.dir/build
Building C object CMakeFiles/cmTC_8f768.dir/UNSIGNED_CHAR.c.o
/Applications/Xcode.app/Contents/Developer/Toolchains/XcodeDefault.xctoolchain/usr/bin/cc   -isysroot /Applications/Xcode.app/Contents/Developer/Platforms/MacOSX.platform/Developer/SDKs/MacOSX11.1.sdk   -o CMakeFiles/cmTC_8f768.dir/UNSIGNED_CHAR.c.o   -c /Users/pu/Downloads/libjpeg-turbo-2.0.3/build/CMakeFiles/CheckTypeSize/UNSIGNED_CHAR.c
Linking C executable cmTC_8f768
/usr/local/Cellar/cmake/3.17.3/bin/cmake -E cmake_link_script CMakeFiles/cmTC_8f768.dir/link.txt --verbose=1
/Applications/Xcode.app/Contents/Developer/Toolchains/XcodeDefault.xctoolchain/usr/bin/cc   -isysroot /Applications/Xcode.app/Contents/Developer/Platforms/MacOSX.platform/Developer/SDKs/MacOSX11.1.sdk -Wl,-search_paths_first -Wl,-headerpad_max_install_names   CMakeFiles/cmTC_8f768.dir/UNSIGNED_CHAR.c.o  -o cmTC_8f768 



Determining size of unsigned short passed with the following output:
Change Dir: /Users/pu/Downloads/libjpeg-turbo-2.0.3/build/CMakeFiles/CMakeTmp

Run Build Command(s):/usr/bin/make cmTC_80e3a/fast && /Applications/Xcode.app/Contents/Developer/usr/bin/make  -f CMakeFiles/cmTC_80e3a.dir/build.make CMakeFiles/cmTC_80e3a.dir/build
Building C object CMakeFiles/cmTC_80e3a.dir/UNSIGNED_SHORT.c.o
/Applications/Xcode.app/Contents/Developer/Toolchains/XcodeDefault.xctoolchain/usr/bin/cc   -isysroot /Applications/Xcode.app/Contents/Developer/Platforms/MacOSX.platform/Developer/SDKs/MacOSX11.1.sdk   -o CMakeFiles/cmTC_80e3a.dir/UNSIGNED_SHORT.c.o   -c /Users/pu/Downloads/libjpeg-turbo-2.0.3/build/CMakeFiles/CheckTypeSize/UNSIGNED_SHORT.c
Linking C executable cmTC_80e3a
/usr/local/Cellar/cmake/3.17.3/bin/cmake -E cmake_link_script CMakeFiles/cmTC_80e3a.dir/link.txt --verbose=1
/Applications/Xcode.app/Contents/Developer/Toolchains/XcodeDefault.xctoolchain/usr/bin/cc   -isysroot /Applications/Xcode.app/Contents/Developer/Platforms/MacOSX.platform/Developer/SDKs/MacOSX11.1.sdk -Wl,-search_paths_first -Wl,-headerpad_max_install_names   CMakeFiles/cmTC_80e3a.dir/UNSIGNED_SHORT.c.o  -o cmTC_80e3a 



Performing C SOURCE FILE Test INCOMPLETE_TYPES succeeded with the following output:
Change Dir: /Users/pu/Downloads/libjpeg-turbo-2.0.3/build/CMakeFiles/CMakeTmp

Run Build Command(s):/usr/bin/make cmTC_66086/fast && /Applications/Xcode.app/Contents/Developer/usr/bin/make  -f CMakeFiles/cmTC_66086.dir/build.make CMakeFiles/cmTC_66086.dir/build
Building C object CMakeFiles/cmTC_66086.dir/src.c.o
/Applications/Xcode.app/Contents/Developer/Toolchains/XcodeDefault.xctoolchain/usr/bin/cc   -DINCOMPLETE_TYPES -isysroot /Applications/Xcode.app/Contents/Developer/Platforms/MacOSX.platform/Developer/SDKs/MacOSX11.1.sdk   -o CMakeFiles/cmTC_66086.dir/src.c.o   -c /Users/pu/Downloads/libjpeg-turbo-2.0.3/build/CMakeFiles/CMakeTmp/src.c
Linking C executable cmTC_66086
/usr/local/Cellar/cmake/3.17.3/bin/cmake -E cmake_link_script CMakeFiles/cmTC_66086.dir/link.txt --verbose=1
/Applications/Xcode.app/Contents/Developer/Toolchains/XcodeDefault.xctoolchain/usr/bin/cc  -DINCOMPLETE_TYPES -isysroot /Applications/Xcode.app/Contents/Developer/Platforms/MacOSX.platform/Developer/SDKs/MacOSX11.1.sdk -Wl,-search_paths_first -Wl,-headerpad_max_install_names   CMakeFiles/cmTC_66086.dir/src.c.o  -o cmTC_66086 


Source file was:
int main(void) { typedef struct undefined_structure *undef_struct_ptr;  undef_struct_ptr ptr = 0;  return ptr != 0; }
Performing C SOURCE FILE Test INLINE_WORKS succeeded with the following output:
Change Dir: /Users/pu/Downloads/libjpeg-turbo-2.0.3/build/CMakeFiles/CMakeTmp

Run Build Command(s):/usr/bin/make cmTC_ff10d/fast && /Applications/Xcode.app/Contents/Developer/usr/bin/make  -f CMakeFiles/cmTC_ff10d.dir/build.make CMakeFiles/cmTC_ff10d.dir/build
Building C object CMakeFiles/cmTC_ff10d.dir/src.c.o
/Applications/Xcode.app/Contents/Developer/Toolchains/XcodeDefault.xctoolchain/usr/bin/cc   -DINLINE_WORKS -isysroot /Applications/Xcode.app/Contents/Developer/Platforms/MacOSX.platform/Developer/SDKs/MacOSX11.1.sdk   -o CMakeFiles/cmTC_ff10d.dir/src.c.o   -c /Users/pu/Downloads/libjpeg-turbo-2.0.3/build/CMakeFiles/CMakeTmp/src.c
Linking C executable cmTC_ff10d
/usr/local/Cellar/cmake/3.17.3/bin/cmake -E cmake_link_script CMakeFiles/cmTC_ff10d.dir/link.txt --verbose=1
/Applications/Xcode.app/Contents/Developer/Toolchains/XcodeDefault.xctoolchain/usr/bin/cc  -DINLINE_WORKS -isysroot /Applications/Xcode.app/Contents/Developer/Platforms/MacOSX.platform/Developer/SDKs/MacOSX11.1.sdk -Wl,-search_paths_first -Wl,-headerpad_max_install_names   CMakeFiles/cmTC_ff10d.dir/src.c.o  -o cmTC_ff10d 


Source file was:
__inline__ __attribute__((always_inline)) static int foo(void) { return 0; } int main(void) { return foo(); }
Checking whether the ASM_NASM compiler is NASM using "-v" matched "(NASM version)":
NASM version 2.14.02 compiled on Sep 28 2019
